<?xml version="1.0" encoding="UTF-8"?>
<!-- Generated by org.testng.reporters.JUnitXMLReporter -->
<testsuite hostname="DESKTOP-LPKJ4V1" ignored="2" name="Default test" tests="1" failures="0" timestamp="2024-10-02T18:39:33 EDT" time="3.496" errors="0">
  <testcase name="validateGetData" time="2.885" classname="ValidateAllReqRes_functionality.ValidateAddandDelData_functionality"/>
  <testcase name="validateGetAllRepository" time="0.0" classname="ValidateAllReqRes_functionality.ValidateAddandDelData_functionality">
    <ignored/>
  </testcase> <!-- validateGetAllRepository -->
  <testcase name="validateNonExistingRepo" time="0.0" classname="ValidateAllReqRes_functionality.ValidateAddandDelData_functionality">
    <ignored/>
  </testcase> <!-- validateNonExistingRepo -->
</testsuite> <!-- Default test -->
