<?xml version="1.0" encoding="UTF-8"?>
<testng-results skipped="0" failed="0" ignored="2" total="3" passed="1">
  <reporter-output>
  </reporter-output>
  <suite name="Default suite" duration-ms="3496" started-at="2024-10-02T18:39:30 EDT" finished-at="2024-10-02T18:39:33 EDT">
    <groups>
    </groups>
    <test name="Default test" duration-ms="3496" started-at="2024-10-02T18:39:30 EDT" finished-at="2024-10-02T18:39:33 EDT">
      <class name="ValidateAllReqRes_functionality.ValidateAddandDelData_functionality">
        <test-method status="PASS" signature="beforeSuite()[pri:0, instance:ValidateAllReqRes_functionality.ValidateAddandDelData_functionality@7a3d45bd]" name="beforeSuite" is-config="true" duration-ms="9" started-at="2024-10-02T18:39:30 EDT" finished-at="2024-10-02T18:39:30 EDT">
          <reporter-output>
          </reporter-output>
        </test-method> <!-- beforeSuite -->
        <test-method status="PASS" signature="beforeClass()[pri:0, instance:ValidateAllReqRes_functionality.ValidateAddandDelData_functionality@7a3d45bd]" name="beforeClass" is-config="true" duration-ms="577" started-at="2024-10-02T18:39:30 EDT" finished-at="2024-10-02T18:39:30 EDT">
          <reporter-output>
          </reporter-output>
        </test-method> <!-- beforeClass -->
        <test-method status="PASS" signature="validateGetData()[pri:0, instance:ValidateAllReqRes_functionality.ValidateAddandDelData_functionality@7a3d45bd]" name="validateGetData" duration-ms="2885" started-at="2024-10-02T18:39:30 EDT" description="Validate single repository" finished-at="2024-10-02T18:39:33 EDT">
          <reporter-output>
          </reporter-output>
        </test-method> <!-- validateGetData -->
      </class> <!-- ValidateAllReqRes_functionality.ValidateAddandDelData_functionality -->
    </test> <!-- Default test -->
  </suite> <!-- Default suite -->
</testng-results>
